#
# There is insufficient memory for the Java Runtime Environment to continue.
# Native memory allocation (malloc) failed to allocate 1938576 bytes for Chunk::new
# Possible reasons:
#   The system is out of physical RAM or swap space
#   The process is running with CompressedOops enabled, and the Java Heap may be blocking the growth of the native heap
# Possible solutions:
#   Reduce memory load on the system
#   Increase physical memory or swap space
#   Check if swap backing store is full
#   Decrease Java heap size (-Xmx/-Xms)
#   Decrease number of Java threads
#   Decrease Java thread stack sizes (-Xss)
#   Set larger code cache with -XX:ReservedCodeCacheSize=
#   JVM is running with Unscaled Compressed Oops mode in which the Java heap is
#     placed in the first 4GB address space. The Java Heap base address is the
#     maximum limit for the native heap growth. Please use -XX:HeapBaseMinAddress
#     to set the Java Heap base and to place the Java Heap above 4GB virtual address.
# This output file may be truncated or incomplete.
#
#  Out of Memory Error (arena.cpp:189), pid=7828, tid=16856
#
# JRE version: Java(TM) SE Runtime Environment (17.0.5+9) (build 17.0.5+9-LTS-191)
# Java VM: Java HotSpot(TM) 64-Bit Server VM (17.0.5+9-LTS-191, mixed mode, sharing, tiered, compressed oops, compressed class ptrs, g1 gc, windows-amd64)
# No core dump will be written. Minidumps are not enabled by default on client versions of Windows
#

---------------  S U M M A R Y ------------

Command Line: -javaagent:C:\Program Files\JetBrains\IntelliJ IDEA Community Edition 2021.2.3\lib\idea_rt.jar=62025:C:\Program Files\JetBrains\IntelliJ IDEA Community Edition 2021.2.3\bin -Dfile.encoding=UTF-8 io.github.pacatovisk.mscloudgateway.MscloudgatewayApplication

Host: AMD Athlon 3000G with Radeon Vega Graphics     , 4 cores, 5G,  Windows 10 , 64 bit Build 19041 (10.0.19041.3155)
Time: Sun Jul 30 19:32:53 2023 Hora oficial do Brasil elapsed time: 14.202241 seconds (0d 0h 0m 14s)

---------------  T H R E A D  ---------------

Current thread (0x0000019adb25a220):  JavaThread "C2 CompilerThread0" daemon [_thread_in_native, id=16856, stack(0x00000050c4800000,0x00000050c4900000)]


Current CompileTask:
C2:  14202 3649       4       jdk.internal.org.objectweb.asm.Frame::execute (2305 bytes)

Stack: [0x00000050c4800000,0x00000050c4900000]
Native frames: (J=compiled Java code, j=interpreted, Vv=VM code, C=native code)
V  [jvm.dll+0x672eea]
V  [jvm.dll+0x7d2a04]
V  [jvm.dll+0x7d41ae]
V  [jvm.dll+0x7d4813]
V  [jvm.dll+0x242c15]
V  [jvm.dll+0xaa57b]
V  [jvm.dll+0xaab0c]
V  [jvm.dll+0x35ff42]
V  [jvm.dll+0x32a631]
V  [jvm.dll+0x329ada]
V  [jvm.dll+0x215cc1]
V  [jvm.dll+0x2150e1]
V  [jvm.dll+0x1a18ed]
V  [jvm.dll+0x22493a]
V  [jvm.dll+0x222aa5]
V  [jvm.dll+0x7885db]
V  [jvm.dll+0x782b4a]
V  [jvm.dll+0x671d75]
C  [ucrtbase.dll+0x21bb2]
C  [KERNEL32.DLL+0x17614]
C  [ntdll.dll+0x526b1]


---------------  P R O C E S S  ---------------

Threads class SMR info:
_java_thread_list=0x0000019ade757f40, length=15, elements={
0x0000019abcdc2e80, 0x0000019adb242db0, 0x0000019adb243b30, 0x0000019adb255b30,
0x0000019adb258400, 0x0000019adb258cc0, 0x0000019adb259580, 0x0000019adb25a220,
0x0000019adb2caa40, 0x0000019adb2cd700, 0x0000019adb22b170, 0x0000019adbee2e40,
0x0000019adbee3310, 0x0000019adea0e680, 0x0000019ade9a6080
}

Java Threads: ( => current thread )
  0x0000019abcdc2e80 JavaThread "main" [_thread_in_vm, id=1500, stack(0x00000050c3b00000,0x00000050c3c00000)]
  0x0000019adb242db0 JavaThread "Reference Handler" daemon [_thread_blocked, id=5004, stack(0x00000050c4200000,0x00000050c4300000)]
  0x0000019adb243b30 JavaThread "Finalizer" daemon [_thread_blocked, id=9652, stack(0x00000050c4300000,0x00000050c4400000)]
  0x0000019adb255b30 JavaThread "Signal Dispatcher" daemon [_thread_blocked, id=15788, stack(0x00000050c4400000,0x00000050c4500000)]
  0x0000019adb258400 JavaThread "Attach Listener" daemon [_thread_blocked, id=17636, stack(0x00000050c4500000,0x00000050c4600000)]
  0x0000019adb258cc0 JavaThread "Service Thread" daemon [_thread_blocked, id=15752, stack(0x00000050c4600000,0x00000050c4700000)]
  0x0000019adb259580 JavaThread "Monitor Deflation Thread" daemon [_thread_blocked, id=13020, stack(0x00000050c4700000,0x00000050c4800000)]
=>0x0000019adb25a220 JavaThread "C2 CompilerThread0" daemon [_thread_in_native, id=16856, stack(0x00000050c4800000,0x00000050c4900000)]
  0x0000019adb2caa40 JavaThread "C1 CompilerThread0" daemon [_thread_blocked, id=19300, stack(0x00000050c4900000,0x00000050c4a00000)]
  0x0000019adb2cd700 JavaThread "Sweeper thread" daemon [_thread_blocked, id=16368, stack(0x00000050c4a00000,0x00000050c4b00000)]
  0x0000019adb22b170 JavaThread "Common-Cleaner" daemon [_thread_blocked, id=3728, stack(0x00000050c4b00000,0x00000050c4c00000)]
  0x0000019adbee2e40 JavaThread "Monitor Ctrl-Break" daemon [_thread_in_native, id=6944, stack(0x00000050c4c00000,0x00000050c4d00000)]
  0x0000019adbee3310 JavaThread "Notification Thread" daemon [_thread_blocked, id=18976, stack(0x00000050c4d00000,0x00000050c4e00000)]
  0x0000019adea0e680 JavaThread "boundedElastic-evictor-1" daemon [_thread_blocked, id=12576, stack(0x00000050c5200000,0x00000050c5300000)]
  0x0000019ade9a6080 JavaThread "spring.cloud.inetutils" daemon [_thread_blocked, id=8220, stack(0x00000050c5300000,0x00000050c5400000)]

Other Threads:
  0x0000019adb23c300 VMThread "VM Thread" [stack: 0x00000050c4100000,0x00000050c4200000] [id=11416]
  0x0000019abcdc3e30 WatcherThread [stack: 0x00000050c4e00000,0x00000050c4f00000] [id=19332]
  0x0000019abcd8dba0 GCTaskThread "GC Thread#0" [stack: 0x00000050c3c00000,0x00000050c3d00000] [id=10412]
  0x0000019adc6de510 GCTaskThread "GC Thread#1" [stack: 0x00000050c4f00000,0x00000050c5000000] [id=16304]
  0x0000019adc6d73f0 GCTaskThread "GC Thread#2" [stack: 0x00000050c5000000,0x00000050c5100000] [id=16700]
  0x0000019adc6d76a0 GCTaskThread "GC Thread#3" [stack: 0x00000050c5100000,0x00000050c5200000] [id=15832]
  0x0000019abce169f0 ConcurrentGCThread "G1 Main Marker" [stack: 0x00000050c3d00000,0x00000050c3e00000] [id=8556]
  0x0000019abce17310 ConcurrentGCThread "G1 Conc#0" [stack: 0x00000050c3e00000,0x00000050c3f00000] [id=8756]
  0x0000019abce7a310 ConcurrentGCThread "G1 Refine#0" [stack: 0x00000050c3f00000,0x00000050c4000000] [id=8748]
  0x0000019abce7c050 ConcurrentGCThread "G1 Service" [stack: 0x00000050c4000000,0x00000050c4100000] [id=13508]

Threads with active compile tasks:
C2 CompilerThread0    14247 3649       4       jdk.internal.org.objectweb.asm.Frame::execute (2305 bytes)

VM state: not at safepoint (normal execution)

VM Mutex/Monitor currently owned by a thread: None

Heap address: 0x00000000a1000000, size: 1520 MB, Compressed Oops mode: 32-bit

CDS archive(s) mapped at: [0x0000000800000000-0x0000000800bd0000-0x0000000800bd0000), size 12386304, SharedBaseAddress: 0x0000000800000000, ArchiveRelocationMode: 0.
Compressed class space mapped at: 0x0000000800c00000-0x0000000840c00000, reserved size: 1073741824
Narrow klass base: 0x0000000800000000, Narrow klass shift: 0, Narrow klass range: 0x100000000

GC Precious Log:
 CPUs: 4 total, 4 available
 Memory: 6075M
 Large Page Support: Disabled
 NUMA Support: Disabled
 Compressed Oops: Enabled (32-bit)
 Heap Region Size: 1M
 Heap Min Capacity: 8M
 Heap Initial Capacity: 96M
 Heap Max Capacity: 1520M
 Pre-touch: Disabled
 Parallel Workers: 4
 Concurrent Workers: 1
 Concurrent Refinement Workers: 4
 Periodic GC: Disabled

Heap:
 garbage-first heap   total 48128K, used 24007K [0x00000000a1000000, 0x0000000100000000)
  region size 1024K, 11 young (11264K), 2 survivors (2048K)
 Metaspace       used 30265K, committed 30592K, reserved 1081344K
  class space    used 4019K, committed 4160K, reserved 1048576K

Heap Regions: E=young(eden), S=young(survivor), O=old, HS=humongous(starts), HC=humongous(continues), CS=collection set, F=free, OA=open archive, CA=closed archive, TAMS=top-at-mark-start (previous, next)
|   0|0x00000000a1000000, 0x00000000a1100000, 0x00000000a1100000|100%| O|  |TAMS 0x00000000a1100000, 0x00000000a1000000| Untracked 
|   1|0x00000000a1100000, 0x00000000a1200000, 0x00000000a1200000|100%| O|  |TAMS 0x00000000a1200000, 0x00000000a1100000| Untracked 
|   2|0x00000000a1200000, 0x00000000a1300000, 0x00000000a1300000|100%| O|  |TAMS 0x00000000a1300000, 0x00000000a1200000| Untracked 
|   3|0x00000000a1300000, 0x00000000a1400000, 0x00000000a1400000|100%| O|  |TAMS 0x00000000a1400000, 0x00000000a1300000| Untracked 
|   4|0x00000000a1400000, 0x00000000a1500000, 0x00000000a1500000|100%| O|  |TAMS 0x00000000a1500000, 0x00000000a1400000| Untracked 
|   5|0x00000000a1500000, 0x00000000a1600000, 0x00000000a1600000|100%| O|  |TAMS 0x00000000a1600000, 0x00000000a1500000| Untracked 
|   6|0x00000000a1600000, 0x00000000a1700000, 0x00000000a1700000|100%| O|  |TAMS 0x00000000a1656800, 0x00000000a1600000| Untracked 
|   7|0x00000000a1700000, 0x00000000a1724600, 0x00000000a1800000| 14%| O|  |TAMS 0x00000000a1700000, 0x00000000a1700000| Untracked 
|   8|0x00000000a1800000, 0x00000000a1900000, 0x00000000a1900000|100%| O|  |TAMS 0x00000000a1800000, 0x00000000a1800000| Untracked 
|   9|0x00000000a1900000, 0x00000000a1a00000, 0x00000000a1a00000|100%| O|  |TAMS 0x00000000a1900000, 0x00000000a1900000| Untracked 
|  10|0x00000000a1a00000, 0x00000000a1b00000, 0x00000000a1b00000|100%| O|  |TAMS 0x00000000a1a00000, 0x00000000a1a00000| Untracked 
|  11|0x00000000a1b00000, 0x00000000a1c00000, 0x00000000a1c00000|100%| O|  |TAMS 0x00000000a1b00000, 0x00000000a1b00000| Untracked 
|  12|0x00000000a1c00000, 0x00000000a1d00000, 0x00000000a1d00000|100%| O|  |TAMS 0x00000000a1c00000, 0x00000000a1c00000| Untracked 
|  13|0x00000000a1d00000, 0x00000000a1e00000, 0x00000000a1e00000|100%| O|  |TAMS 0x00000000a1d00000, 0x00000000a1d00000| Untracked 
|  14|0x00000000a1e00000, 0x00000000a1e4d600, 0x00000000a1f00000| 30%| O|  |TAMS 0x00000000a1e00000, 0x00000000a1e00000| Untracked 
|  15|0x00000000a1f00000, 0x00000000a1f00000, 0x00000000a2000000|  0%| F|  |TAMS 0x00000000a1f00000, 0x00000000a1f00000| Untracked 
|  16|0x00000000a2000000, 0x00000000a2000000, 0x00000000a2100000|  0%| F|  |TAMS 0x00000000a2000000, 0x00000000a2000000| Untracked 
|  17|0x00000000a2100000, 0x00000000a2100000, 0x00000000a2200000|  0%| F|  |TAMS 0x00000000a2100000, 0x00000000a2100000| Untracked 
|  18|0x00000000a2200000, 0x00000000a2200000, 0x00000000a2300000|  0%| F|  |TAMS 0x00000000a2200000, 0x00000000a2200000| Untracked 
|  19|0x00000000a2300000, 0x00000000a2300000, 0x00000000a2400000|  0%| F|  |TAMS 0x00000000a2300000, 0x00000000a2300000| Untracked 
|  20|0x00000000a2400000, 0x00000000a2400000, 0x00000000a2500000|  0%| F|  |TAMS 0x00000000a2400000, 0x00000000a2400000| Untracked 
|  21|0x00000000a2500000, 0x00000000a2500000, 0x00000000a2600000|  0%| F|  |TAMS 0x00000000a2500000, 0x00000000a2500000| Untracked 
|  22|0x00000000a2600000, 0x00000000a2600000, 0x00000000a2700000|  0%| F|  |TAMS 0x00000000a2600000, 0x00000000a2600000| Untracked 
|  23|0x00000000a2700000, 0x00000000a2700000, 0x00000000a2800000|  0%| F|  |TAMS 0x00000000a2700000, 0x00000000a2700000| Untracked 
|  24|0x00000000a2800000, 0x00000000a2800000, 0x00000000a2900000|  0%| F|  |TAMS 0x00000000a2800000, 0x00000000a2800000| Untracked 
|  25|0x00000000a2900000, 0x00000000a2900000, 0x00000000a2a00000|  0%| F|  |TAMS 0x00000000a2900000, 0x00000000a2900000| Untracked 
|  26|0x00000000a2a00000, 0x00000000a2b00000, 0x00000000a2b00000|100%| S|CS|TAMS 0x00000000a2a00000, 0x00000000a2a00000| Complete 
|  27|0x00000000a2b00000, 0x00000000a2c00000, 0x00000000a2c00000|100%| S|CS|TAMS 0x00000000a2b00000, 0x00000000a2b00000| Complete 
|  28|0x00000000a2c00000, 0x00000000a2c00000, 0x00000000a2d00000|  0%| F|  |TAMS 0x00000000a2c00000, 0x00000000a2c00000| Untracked 
|  29|0x00000000a2d00000, 0x00000000a2d00000, 0x00000000a2e00000|  0%| F|  |TAMS 0x00000000a2d00000, 0x00000000a2d00000| Untracked 
|  30|0x00000000a2e00000, 0x00000000a2e00000, 0x00000000a2f00000|  0%| F|  |TAMS 0x00000000a2e00000, 0x00000000a2e00000| Untracked 
|  31|0x00000000a2f00000, 0x00000000a2f00000, 0x00000000a3000000|  0%| F|  |TAMS 0x00000000a2f00000, 0x00000000a2f00000| Untracked 
|  32|0x00000000a3000000, 0x00000000a3000000, 0x00000000a3100000|  0%| F|  |TAMS 0x00000000a3000000, 0x00000000a3000000| Untracked 
|  33|0x00000000a3100000, 0x00000000a3100000, 0x00000000a3200000|  0%| F|  |TAMS 0x00000000a3100000, 0x00000000a3100000| Untracked 
|  34|0x00000000a3200000, 0x00000000a3200000, 0x00000000a3300000|  0%| F|  |TAMS 0x00000000a3200000, 0x00000000a3200000| Untracked 
|  35|0x00000000a3300000, 0x00000000a3300000, 0x00000000a3400000|  0%| F|  |TAMS 0x00000000a3300000, 0x00000000a3300000| Untracked 
|  36|0x00000000a3400000, 0x00000000a3400000, 0x00000000a3500000|  0%| F|  |TAMS 0x00000000a3400000, 0x00000000a3400000| Untracked 
|  37|0x00000000a3500000, 0x00000000a3500000, 0x00000000a3600000|  0%| F|  |TAMS 0x00000000a3500000, 0x00000000a3500000| Untracked 
|  38|0x00000000a3600000, 0x00000000a36f4978, 0x00000000a3700000| 95%| E|  |TAMS 0x00000000a3600000, 0x00000000a3600000| Complete 
|  39|0x00000000a3700000, 0x00000000a3800000, 0x00000000a3800000|100%| E|CS|TAMS 0x00000000a3700000, 0x00000000a3700000| Complete 
|  40|0x00000000a3800000, 0x00000000a3900000, 0x00000000a3900000|100%| E|CS|TAMS 0x00000000a3800000, 0x00000000a3800000| Complete 
|  87|0x00000000a6700000, 0x00000000a6800000, 0x00000000a6800000|100%| E|CS|TAMS 0x00000000a6700000, 0x00000000a6700000| Complete 
|  88|0x00000000a6800000, 0x00000000a6900000, 0x00000000a6900000|100%| E|CS|TAMS 0x00000000a6800000, 0x00000000a6800000| Complete 
|  89|0x00000000a6900000, 0x00000000a6a00000, 0x00000000a6a00000|100%| E|CS|TAMS 0x00000000a6900000, 0x00000000a6900000| Complete 
|  90|0x00000000a6a00000, 0x00000000a6b00000, 0x00000000a6b00000|100%| E|CS|TAMS 0x00000000a6a00000, 0x00000000a6a00000| Complete 
|  91|0x00000000a6b00000, 0x00000000a6c00000, 0x00000000a6c00000|100%| E|CS|TAMS 0x00000000a6b00000, 0x00000000a6b00000| Complete 
|  95|0x00000000a6f00000, 0x00000000a7000000, 0x00000000a7000000|100%| E|CS|TAMS 0x00000000a6f00000, 0x00000000a6f00000| Complete 

Card table byte_map: [0x0000019ad5710000,0x0000019ad5a10000] _byte_map_base: 0x0000019ad5208000

Marking Bits (Prev, Next): (CMBitMap*) 0x0000019abce0a300, (CMBitMap*) 0x0000019abce0a2c0
 Prev Bits: [0x0000019ad74d0000, 0x0000019ad8c90000)
 Next Bits: [0x0000019ad5d10000, 0x0000019ad74d0000)

Polling page: 0x0000019abcc50000

Metaspace:

Usage:
  Non-class:     25.65 MB used.
      Class:      3.93 MB used.
       Both:     29.57 MB used.

Virtual space:
  Non-class space:       32.00 MB reserved,      25.81 MB ( 81%) committed,  4 nodes.
      Class space:        1.00 GB reserved,       4.06 MB ( <1%) committed,  1 nodes.
             Both:        1.03 GB reserved,      29.88 MB (  3%) committed. 

Chunk freelists:
   Non-Class:  1.95 MB
       Class:  3.83 MB
        Both:  5.78 MB

MaxMetaspaceSize: unlimited
CompressedClassSpaceSize: 1.00 GB
Initial GC threshold: 21.00 MB
Current GC threshold: 35.12 MB
CDS: on
MetaspaceReclaimPolicy: balanced
 - commit_granule_bytes: 65536.
 - commit_granule_words: 8192.
 - virtual_space_node_default_size: 1048576.
 - enlarge_chunks_in_place: 1.
 - new_chunks_are_fully_committed: 0.
 - uncommit_free_chunks: 1.
 - use_allocation_guard: 0.
 - handle_deallocations: 1.


Internal statistics:

num_allocs_failed_limit: 3.
num_arena_births: 332.
num_arena_deaths: 0.
num_vsnodes_births: 5.
num_vsnodes_deaths: 0.
num_space_committed: 478.
num_space_uncommitted: 0.
num_chunks_returned_to_freelist: 3.
num_chunks_taken_from_freelist: 1484.
num_chunk_merges: 3.
num_chunk_splits: 979.
num_chunks_enlarged: 714.
num_purges: 0.
num_inconsistent_stats: 0.

CodeHeap 'non-profiled nmethods': size=120000Kb used=1720Kb max_used=1720Kb free=118279Kb
 bounds [0x0000019acd8c0000, 0x0000019acdb30000, 0x0000019ad4df0000]
CodeHeap 'profiled nmethods': size=120000Kb used=8147Kb max_used=8147Kb free=111852Kb
 bounds [0x0000019ac6390000, 0x0000019ac6b90000, 0x0000019acd8c0000]
CodeHeap 'non-nmethods': size=5760Kb used=1210Kb max_used=1245Kb free=4550Kb
 bounds [0x0000019ac5df0000, 0x0000019ac6060000, 0x0000019ac6390000]
 total_blobs=4212 nmethods=3701 adapters=423
 compilation: enabled
              stopped_count=0, restarted_count=0
 full_count=0

Compilation events (20 events):
Event: 14.116 Thread 0x0000019adb2caa40 3698       1       sun.reflect.generics.reflectiveObjects.TypeVariableImpl::getName (5 bytes)
Event: 14.116 Thread 0x0000019adb2caa40 nmethod 3698 0x0000019acda6db90 code [0x0000019acda6dd20, 0x0000019acda6ddf8]
Event: 14.116 Thread 0x0000019adb2caa40 3699       3       java.lang.Class::getEnclosingMethodInfo (20 bytes)
Event: 14.116 Thread 0x0000019adb2caa40 nmethod 3699 0x0000019ac6b7d590 code [0x0000019ac6b7d760, 0x0000019ac6b7d9d8]
Event: 14.117 Thread 0x0000019adb2caa40 3700       3       java.lang.Class::getEnclosingClass (70 bytes)
Event: 14.118 Thread 0x0000019adb2caa40 nmethod 3700 0x0000019ac6b7db10 code [0x0000019ac6b7dd60, 0x0000019ac6b7e548]
Event: 14.118 Thread 0x0000019adb2caa40 3701       3       sun.reflect.annotation.AnnotatedTypeFactory::isArray (35 bytes)
Event: 14.118 Thread 0x0000019adb2caa40 nmethod 3701 0x0000019ac6b7e810 code [0x0000019ac6b7e9e0, 0x0000019ac6b7ef28]
Event: 14.127 Thread 0x0000019adb2caa40 3703       3       org.springframework.boot.context.properties.bind.Bindable::of (28 bytes)
Event: 14.128 Thread 0x0000019adb2caa40 nmethod 3703 0x0000019ac6b7f010 code [0x0000019ac6b7f200, 0x0000019ac6b7f738]
Event: 14.129 Thread 0x0000019adb2caa40 3704   !   3       org.springframework.boot.context.properties.bind.Binder::bind (74 bytes)
Event: 14.129 Thread 0x0000019adb2caa40 nmethod 3704 0x0000019ac6b7f910 code [0x0000019ac6b7fb00, 0x0000019ac6b7ff68]
Event: 14.129 Thread 0x0000019adb2caa40 3705   !   3       org.springframework.boot.context.properties.bind.Binder::bindObject (117 bytes)
Event: 14.130 Thread 0x0000019adb2caa40 nmethod 3705 0x0000019ac6b80190 code [0x0000019ac6b803c0, 0x0000019ac6b80a68]
Event: 14.130 Thread 0x0000019adb2caa40 3706       3       org.springframework.boot.context.properties.bind.BindHandler::onFinish (1 bytes)
Event: 14.130 Thread 0x0000019adb2caa40 nmethod 3706 0x0000019ac6b80d10 code [0x0000019ac6b80ea0, 0x0000019ac6b80fb8]
Event: 14.179 Thread 0x0000019adb2caa40 3707       1       java.util.Collections$EmptyMap::size (2 bytes)
Event: 14.179 Thread 0x0000019adb2caa40 nmethod 3707 0x0000019acda6de90 code [0x0000019acda6e020, 0x0000019acda6e0f8]
Event: 14.179 Thread 0x0000019adb2caa40 3708       3       java.lang.Class::getDeclaredMethods (27 bytes)
Event: 14.180 Thread 0x0000019adb2caa40 nmethod 3708 0x0000019ac6b81090 code [0x0000019ac6b81280, 0x0000019ac6b81598]

GC Heap History (14 events):
Event: 3.402 GC heap before
{Heap before GC invocations=0 (full 0):
 garbage-first heap   total 98304K, used 13312K [0x00000000a1000000, 0x0000000100000000)
  region size 1024K, 13 young (13312K), 0 survivors (0K)
 Metaspace       used 2663K, committed 2816K, reserved 1056768K
  class space    used 243K, committed 320K, reserved 1048576K
}
Event: 3.454 GC heap after
{Heap after GC invocations=1 (full 0):
 garbage-first heap   total 98304K, used 6642K [0x00000000a1000000, 0x0000000100000000)
  region size 1024K, 2 young (2048K), 2 survivors (2048K)
 Metaspace       used 2663K, committed 2816K, reserved 1056768K
  class space    used 243K, committed 320K, reserved 1048576K
}
Event: 5.032 GC heap before
{Heap before GC invocations=1 (full 0):
 garbage-first heap   total 98304K, used 15858K [0x00000000a1000000, 0x0000000100000000)
  region size 1024K, 12 young (12288K), 2 survivors (2048K)
 Metaspace       used 5766K, committed 5888K, reserved 1056768K
  class space    used 647K, committed 704K, reserved 1048576K
}
Event: 5.035 GC heap after
{Heap after GC invocations=2 (full 0):
 garbage-first heap   total 98304K, used 7368K [0x00000000a1000000, 0x0000000100000000)
  region size 1024K, 1 young (1024K), 1 survivors (1024K)
 Metaspace       used 5766K, committed 5888K, reserved 1056768K
  class space    used 647K, committed 704K, reserved 1048576K
}
Event: 7.736 GC heap before
{Heap before GC invocations=2 (full 0):
 garbage-first heap   total 98304K, used 30920K [0x00000000a1000000, 0x0000000100000000)
  region size 1024K, 24 young (24576K), 1 survivors (1024K)
 Metaspace       used 11861K, committed 12096K, reserved 1064960K
  class space    used 1507K, committed 1600K, reserved 1048576K
}
Event: 7.741 GC heap after
{Heap after GC invocations=3 (full 0):
 garbage-first heap   total 98304K, used 8907K [0x00000000a1000000, 0x0000000100000000)
  region size 1024K, 3 young (3072K), 3 survivors (3072K)
 Metaspace       used 11861K, committed 12096K, reserved 1064960K
  class space    used 1507K, committed 1600K, reserved 1048576K
}
Event: 9.652 GC heap before
{Heap before GC invocations=3 (full 0):
 garbage-first heap   total 98304K, used 60107K [0x00000000a1000000, 0x0000000100000000)
  region size 1024K, 53 young (54272K), 3 survivors (3072K)
 Metaspace       used 20612K, committed 20864K, reserved 1073152K
  class space    used 2617K, committed 2752K, reserved 1048576K
}
Event: 9.663 GC heap after
{Heap after GC invocations=4 (full 0):
 garbage-first heap   total 98304K, used 11610K [0x00000000a1000000, 0x0000000100000000)
  region size 1024K, 5 young (5120K), 5 survivors (5120K)
 Metaspace       used 20612K, committed 20864K, reserved 1073152K
  class space    used 2617K, committed 2752K, reserved 1048576K
}
Event: 9.918 GC heap before
{Heap before GC invocations=4 (full 0):
 garbage-first heap   total 98304K, used 14682K [0x00000000a1000000, 0x0000000100000000)
  region size 1024K, 9 young (9216K), 5 survivors (5120K)
 Metaspace       used 21253K, committed 21504K, reserved 1073152K
  class space    used 2694K, committed 2816K, reserved 1048576K
}
Event: 9.929 GC heap after
{Heap after GC invocations=5 (full 0):
 garbage-first heap   total 98304K, used 11822K [0x00000000a1000000, 0x0000000100000000)
  region size 1024K, 5 young (5120K), 5 survivors (5120K)
 Metaspace       used 21253K, committed 21504K, reserved 1073152K
  class space    used 2694K, committed 2816K, reserved 1048576K
}
Event: 11.611 GC heap before
{Heap before GC invocations=6 (full 0):
 garbage-first heap   total 48128K, used 35374K [0x00000000a1000000, 0x0000000100000000)
  region size 1024K, 28 young (28672K), 5 survivors (5120K)
 Metaspace       used 25367K, committed 25600K, reserved 1073152K
  class space    used 3271K, committed 3392K, reserved 1048576K
}
Event: 11.628 GC heap after
{Heap after GC invocations=7 (full 0):
 garbage-first heap   total 48128K, used 14263K [0x00000000a1000000, 0x0000000100000000)
  region size 1024K, 3 young (3072K), 3 survivors (3072K)
 Metaspace       used 25367K, committed 25600K, reserved 1073152K
  class space    used 3271K, committed 3392K, reserved 1048576K
}
Event: 13.567 GC heap before
{Heap before GC invocations=7 (full 0):
 garbage-first heap   total 48128K, used 32695K [0x00000000a1000000, 0x0000000100000000)
  region size 1024K, 22 young (22528K), 3 survivors (3072K)
 Metaspace       used 29092K, committed 29376K, reserved 1081344K
  class space    used 3801K, committed 3968K, reserved 1048576K
}
Event: 13.580 GC heap after
{Heap after GC invocations=8 (full 0):
 garbage-first heap   total 48128K, used 15815K [0x00000000a1000000, 0x0000000100000000)
  region size 1024K, 2 young (2048K), 2 survivors (2048K)
 Metaspace       used 29092K, committed 29376K, reserved 1081344K
  class space    used 3801K, committed 3968K, reserved 1048576K
}

Deoptimization events (20 events):
Event: 13.591 Thread 0x0000019abcdc2e80 Uncommon trap: trap_request=0xffffffde fr.pc=0x0000019acda3cf00 relative=0x00000000000048a0
Event: 13.591 Thread 0x0000019abcdc2e80 Uncommon trap: reason=class_check action=maybe_recompile pc=0x0000019acda3cf00 method=org.springframework.beans.factory.support.AbstractBeanFactory.isTypeMatch(Ljava/lang/String;Lorg/springframework/core/ResolvableType;Z)Z @ 53 c2
Event: 13.591 Thread 0x0000019abcdc2e80 DEOPT PACKING pc=0x0000019acda3cf00 sp=0x00000050c3bfd530
Event: 13.591 Thread 0x0000019abcdc2e80 DEOPT UNPACKING pc=0x0000019ac5e423a3 sp=0x00000050c3bfd4e0 mode 2
Event: 13.592 Thread 0x0000019abcdc2e80 Uncommon trap: trap_request=0xffffffde fr.pc=0x0000019acda3cf00 relative=0x00000000000048a0
Event: 13.592 Thread 0x0000019abcdc2e80 Uncommon trap: reason=class_check action=maybe_recompile pc=0x0000019acda3cf00 method=org.springframework.beans.factory.support.AbstractBeanFactory.isTypeMatch(Ljava/lang/String;Lorg/springframework/core/ResolvableType;Z)Z @ 53 c2
Event: 13.592 Thread 0x0000019abcdc2e80 DEOPT PACKING pc=0x0000019acda3cf00 sp=0x00000050c3bfc140
Event: 13.592 Thread 0x0000019abcdc2e80 DEOPT UNPACKING pc=0x0000019ac5e423a3 sp=0x00000050c3bfc0f0 mode 2
Event: 13.602 Thread 0x0000019abcdc2e80 Uncommon trap: trap_request=0xffffffde fr.pc=0x0000019acda3cf00 relative=0x00000000000048a0
Event: 13.602 Thread 0x0000019abcdc2e80 Uncommon trap: reason=class_check action=maybe_recompile pc=0x0000019acda3cf00 method=org.springframework.beans.factory.support.AbstractBeanFactory.isTypeMatch(Ljava/lang/String;Lorg/springframework/core/ResolvableType;Z)Z @ 53 c2
Event: 13.602 Thread 0x0000019abcdc2e80 DEOPT PACKING pc=0x0000019acda3cf00 sp=0x00000050c3bfca40
Event: 13.602 Thread 0x0000019abcdc2e80 DEOPT UNPACKING pc=0x0000019ac5e423a3 sp=0x00000050c3bfc9f0 mode 2
Event: 13.630 Thread 0x0000019abcdc2e80 Uncommon trap: trap_request=0xffffff45 fr.pc=0x0000019acd94785c relative=0x000000000000107c
Event: 13.630 Thread 0x0000019abcdc2e80 Uncommon trap: reason=unstable_if action=reinterpret pc=0x0000019acd94785c method=org.springframework.boot.context.properties.source.ConfigurationPropertyName.getElement(ILorg/springframework/boot/context/properties/source/ConfigurationPropertyName$Form;)
Event: 13.630 Thread 0x0000019abcdc2e80 DEOPT PACKING pc=0x0000019acd94785c sp=0x00000050c3bfc140
Event: 13.630 Thread 0x0000019abcdc2e80 DEOPT UNPACKING pc=0x0000019ac5e423a3 sp=0x00000050c3bfc120 mode 2
Event: 13.660 Thread 0x0000019abcdc2e80 Uncommon trap: trap_request=0xffffffde fr.pc=0x0000019acda3cf00 relative=0x00000000000048a0
Event: 13.660 Thread 0x0000019abcdc2e80 Uncommon trap: reason=class_check action=maybe_recompile pc=0x0000019acda3cf00 method=org.springframework.beans.factory.support.AbstractBeanFactory.isTypeMatch(Ljava/lang/String;Lorg/springframework/core/ResolvableType;Z)Z @ 53 c2
Event: 13.660 Thread 0x0000019abcdc2e80 DEOPT PACKING pc=0x0000019acda3cf00 sp=0x00000050c3bfe2f0
Event: 13.660 Thread 0x0000019abcdc2e80 DEOPT UNPACKING pc=0x0000019ac5e423a3 sp=0x00000050c3bfe2a0 mode 2

Classes unloaded (0 events):
No events

Classes redefined (0 events):
No events

Internal exceptions (20 events):
Event: 12.916 Thread 0x0000019abcdc2e80 Exception <a 'java/lang/NoSuchMethodError'{0x00000000a3407258}: 'java.lang.Object java.lang.invoke.DirectMethodHandle$Holder.invokeStaticInit(java.lang.Object, java.lang.Object, int, int, int, int)'> (0x00000000a3407258) 
thrown [s\open\src\hotspot\share\interpreter\linkResolver.cpp, line 759]
Event: 12.974 Thread 0x0000019abcdc2e80 Exception <a 'java/lang/NoSuchMethodError'{0x00000000a34bdb30}: 'int java.lang.invoke.DirectMethodHandle$Holder.invokeVirtual(java.lang.Object, java.lang.Object)'> (0x00000000a34bdb30) 
thrown [s\open\src\hotspot\share\interpreter\linkResolver.cpp, line 759]
Event: 13.264 Thread 0x0000019abcdc2e80 Exception <a 'java/lang/NoSuchMethodError'{0x00000000a2f744a0}: 'java.lang.Object java.lang.invoke.DirectMethodHandle$Holder.invokeInterface(java.lang.Object, java.lang.Object, java.lang.Object, java.lang.Object)'> (0x00000000a2f744a0) 
thrown [s\open\src\hotspot\share\interpreter\linkResolver.cpp, line 759]
Event: 13.368 Thread 0x0000019abcdc2e80 Exception <a 'java/lang/ClassNotFoundException'{0x00000000a2d54958}: java/lang/ObjectCustomizer> (0x00000000a2d54958) 
thrown [s\open\src\hotspot\share\classfile\systemDictionary.cpp, line 256]
Event: 13.368 Thread 0x0000019abcdc2e80 Exception <a 'java/lang/ClassNotFoundException'{0x00000000a2d5ce20}: org/springframework/cloud/client/discovery/simple/SimpleDiscoveryClientAutoConfigurationCustomizer> (0x00000000a2d5ce20) 
thrown [s\open\src\hotspot\share\classfile\systemDictionary.cpp, line 256]
Event: 13.379 Thread 0x0000019abcdc2e80 Exception <a 'java/lang/ClassNotFoundException'{0x00000000a2d692c8}: org/springframework/context/ApplicationListenerCustomizer> (0x00000000a2d692c8) 
thrown [s\open\src\hotspot\share\classfile\systemDictionary.cpp, line 256]
Event: 13.381 Thread 0x0000019abcdc2e80 Exception <a 'java/lang/ClassNotFoundException'{0x00000000a2d70270}: java/util/EventListenerCustomizer> (0x00000000a2d70270) 
thrown [s\open\src\hotspot\share\classfile\systemDictionary.cpp, line 256]
Event: 13.545 Thread 0x0000019abcdc2e80 Exception <a 'java/lang/ClassNotFoundException'{0x00000000a2c4c9b8}: java/lang/ObjectCustomizer> (0x00000000a2c4c9b8) 
thrown [s\open\src\hotspot\share\classfile\systemDictionary.cpp, line 256]
Event: 13.546 Thread 0x0000019abcdc2e80 Exception <a 'java/lang/ClassNotFoundException'{0x00000000a2c75370}: org/springframework/aop/framework/ProxyConfigCustomizer> (0x00000000a2c75370) 
thrown [s\open\src\hotspot\share\classfile\systemDictionary.cpp, line 256]
Event: 13.547 Thread 0x0000019abcdc2e80 Exception <a 'java/lang/ClassNotFoundException'{0x00000000a2c80e10}: org/springframework/aop/scope/ScopedProxyFactoryBeanCustomizer> (0x00000000a2c80e10) 
thrown [s\open\src\hotspot\share\classfile\systemDictionary.cpp, line 256]
Event: 13.548 Thread 0x0000019abcdc2e80 Exception <a 'java/lang/ClassNotFoundException'{0x00000000a2c8c868}: org/springframework/cloud/context/scope/GenericScope$LockedScopedProxyFactoryBeanCustomizer> (0x00000000a2c8c868) 
thrown [s\open\src\hotspot\share\classfile\systemDictionary.cpp, line 256]
Event: 13.550 Thread 0x0000019abcdc2e80 Exception <a 'java/lang/ClassNotFoundException'{0x00000000a2c9f400}: org/aopalliance/intercept/MethodInterceptorCustomizer> (0x00000000a2c9f400) 
thrown [s\open\src\hotspot\share\classfile\systemDictionary.cpp, line 256]
Event: 13.551 Thread 0x0000019abcdc2e80 Exception <a 'java/lang/ClassNotFoundException'{0x00000000a2ca4a08}: org/aopalliance/intercept/InterceptorCustomizer> (0x00000000a2ca4a08) 
thrown [s\open\src\hotspot\share\classfile\systemDictionary.cpp, line 256]
Event: 13.551 Thread 0x0000019abcdc2e80 Exception <a 'java/lang/ClassNotFoundException'{0x00000000a2ca9158}: org/aopalliance/aop/AdviceCustomizer> (0x00000000a2ca9158) 
thrown [s\open\src\hotspot\share\classfile\systemDictionary.cpp, line 256]
Event: 13.551 Thread 0x0000019abcdc2e80 Exception <a 'java/lang/ClassNotFoundException'{0x00000000a2cadf48}: org/springframework/beans/factory/FactoryBeanCustomizer> (0x00000000a2cadf48) 
thrown [s\open\src\hotspot\share\classfile\systemDictionary.cpp, line 256]
Event: 13.557 Thread 0x0000019abcdc2e80 Exception <a 'java/lang/ClassNotFoundException'{0x00000000a2cb6ec8}: org/springframework/beans/factory/BeanFactoryAwareCustomizer> (0x00000000a2cb6ec8) 
thrown [s\open\src\hotspot\share\classfile\systemDictionary.cpp, line 256]
Event: 13.558 Thread 0x0000019abcdc2e80 Exception <a 'java/lang/ClassNotFoundException'{0x00000000a2cbcf80}: org/springframework/beans/factory/AwareCustomizer> (0x00000000a2cbcf80) 
thrown [s\open\src\hotspot\share\classfile\systemDictionary.cpp, line 256]
Event: 13.559 Thread 0x0000019abcdc2e80 Exception <a 'java/lang/ClassNotFoundException'{0x00000000a2cc1d28}: org/springframework/aop/framework/AopInfrastructureBeanCustomizer> (0x00000000a2cc1d28) 
thrown [s\open\src\hotspot\share\classfile\systemDictionary.cpp, line 256]
Event: 14.051 Thread 0x0000019abcdc2e80 Exception <a 'java/lang/NoSuchMethodError'{0x00000000a3823560}: 'int java.lang.invoke.DirectMethodHandle$Holder.invokeStatic(java.lang.Object)'> (0x00000000a3823560) 
thrown [s\open\src\hotspot\share\interpreter\linkResolver.cpp, line 759]
Event: 14.052 Thread 0x0000019abcdc2e80 Exception <a 'java/lang/NoSuchMethodError'{0x00000000a3826c08}: 'int java.lang.invoke.DirectMethodHandle$Holder.invokeStaticInit(java.lang.Object)'> (0x00000000a3826c08) 
thrown [s\open\src\hotspot\share\interpreter\linkResolver.cpp, line 759]

VM Operations (20 events):
Event: 11.610 Executing VM operation: G1CollectForAllocation
Event: 11.628 Executing VM operation: G1CollectForAllocation done
Event: 12.129 Executing VM operation: HandshakeAllThreads
Event: 12.129 Executing VM operation: HandshakeAllThreads done
Event: 12.301 Executing VM operation: HandshakeAllThreads
Event: 12.301 Executing VM operation: HandshakeAllThreads done
Event: 12.934 Executing VM operation: HandshakeAllThreads
Event: 12.935 Executing VM operation: HandshakeAllThreads done
Event: 12.935 Executing VM operation: Cleanup
Event: 12.935 Executing VM operation: Cleanup done
Event: 13.360 Executing VM operation: HandshakeAllThreads
Event: 13.360 Executing VM operation: HandshakeAllThreads done
Event: 13.567 Executing VM operation: G1CollectForAllocation
Event: 13.580 Executing VM operation: G1CollectForAllocation done
Event: 13.631 Executing VM operation: HandshakeAllThreads
Event: 13.631 Executing VM operation: HandshakeAllThreads done
Event: 13.649 Executing VM operation: HandshakeAllThreads
Event: 13.649 Executing VM operation: HandshakeAllThreads done
Event: 13.818 Executing VM operation: HandshakeAllThreads
Event: 13.818 Executing VM operation: HandshakeAllThreads done

Events (20 events):
Event: 13.381 loading class java/util/EventListenerCustomizer done
Event: 13.381 loading class java/util/EventListenerCustomizer
Event: 13.381 loading class java/util/EventListenerCustomizer done
Event: 13.396 loading class jdk/internal/reflect/UnsafeIntegerFieldAccessorImpl
Event: 13.397 loading class jdk/internal/reflect/UnsafeIntegerFieldAccessorImpl done
Event: 13.528 Thread 0x0000019ade9a6080 Thread added: 0x0000019ade9a6080
Event: 13.545 loading class java/lang/ObjectCustomizer
Event: 13.545 loading class java/lang/ObjectCustomizer done
Event: 13.545 loading class java/lang/ObjectCustomizer
Event: 13.545 loading class java/lang/ObjectCustomizer done
Event: 13.665 loading class sun/reflect/annotation/AnnotationInvocationHandler$1
Event: 13.665 loading class sun/reflect/annotation/AnnotationInvocationHandler$1 done
Event: 13.817 loading class java/util/concurrent/locks/AbstractQueuedSynchronizer$ExclusiveNode
Event: 13.817 loading class java/util/concurrent/locks/AbstractQueuedSynchronizer$ExclusiveNode done
Event: 14.083 loading class java/security/cert/CertificateException
Event: 14.083 loading class java/security/cert/CertificateException done
Event: 14.083 loading class java/security/KeyStoreException
Event: 14.084 loading class java/security/KeyStoreException done
Event: 14.084 loading class java/security/NoSuchProviderException
Event: 14.084 loading class java/security/NoSuchProviderException done


Dynamic libraries:
0x00007ff7a9680000 - 0x00007ff7a9690000 	C:\Program Files\Java\jdk-17.0.5\bin\java.exe
0x00007ff8cf610000 - 0x00007ff8cf808000 	C:\Windows\SYSTEM32\ntdll.dll
0x00007ff8cd6f0000 - 0x00007ff8cd7af000 	C:\Windows\System32\KERNEL32.DLL
0x00007ff8cccf0000 - 0x00007ff8ccfe6000 	C:\Windows\System32\KERNELBASE.dll
0x00007ff8ccff0000 - 0x00007ff8cd0f0000 	C:\Windows\System32\ucrtbase.dll
0x00007ff8b2860000 - 0x00007ff8b2878000 	C:\Program Files\Java\jdk-17.0.5\bin\jli.dll
0x00007ff8ce6b0000 - 0x00007ff8ce75f000 	C:\Windows\System32\ADVAPI32.dll
0x00007ff8cdaa0000 - 0x00007ff8cdb3e000 	C:\Windows\System32\msvcrt.dll
0x00007ff8cda00000 - 0x00007ff8cda9c000 	C:\Windows\System32\sechost.dll
0x00007ff8cdc80000 - 0x00007ff8cdda6000 	C:\Windows\System32\RPCRT4.dll
0x00007ff8ce510000 - 0x00007ff8ce6ad000 	C:\Windows\System32\USER32.dll
0x00007ff8cd280000 - 0x00007ff8cd2a2000 	C:\Windows\System32\win32u.dll
0x00007ff8cd7c0000 - 0x00007ff8cd7ec000 	C:\Windows\System32\GDI32.dll
0x00007ff8cd2b0000 - 0x00007ff8cd3c5000 	C:\Windows\System32\gdi32full.dll
0x00007ff8cd140000 - 0x00007ff8cd1dd000 	C:\Windows\System32\msvcp_win.dll
0x00007ff8b1d30000 - 0x00007ff8b1fca000 	C:\Windows\WinSxS\amd64_microsoft.windows.common-controls_6595b64144ccf1df_6.0.19041.1110_none_60b5254171f9507e\COMCTL32.dll
0x00007ff8c4bc0000 - 0x00007ff8c4bca000 	C:\Windows\SYSTEM32\VERSION.dll
0x00007ff8c4f30000 - 0x00007ff8c4f4a000 	C:\Program Files\Java\jdk-17.0.5\bin\VCRUNTIME140.dll
0x00007ff8ce170000 - 0x00007ff8ce1a0000 	C:\Windows\System32\IMM32.DLL
0x00007ff8c4f20000 - 0x00007ff8c4f2c000 	C:\Program Files\Java\jdk-17.0.5\bin\vcruntime140_1.dll
0x00007ff898540000 - 0x00007ff8985cd000 	C:\Program Files\Java\jdk-17.0.5\bin\msvcp140.dll
0x00007ff87dfb0000 - 0x00007ff87eb72000 	C:\Program Files\Java\jdk-17.0.5\bin\server\jvm.dll
0x00007ff8cd7b0000 - 0x00007ff8cd7b8000 	C:\Windows\System32\PSAPI.DLL
0x00007ff8bcb40000 - 0x00007ff8bcb49000 	C:\Windows\SYSTEM32\WSOCK32.dll
0x00007ff8cf560000 - 0x00007ff8cf5cb000 	C:\Windows\System32\WS2_32.dll
0x00007ff8c89a0000 - 0x00007ff8c89c7000 	C:\Windows\SYSTEM32\WINMM.dll
0x00007ff8cab80000 - 0x00007ff8cab92000 	C:\Windows\SYSTEM32\kernel.appcore.dll
0x00007ff8c0810000 - 0x00007ff8c081a000 	C:\Program Files\Java\jdk-17.0.5\bin\jimage.dll
0x00007ff8c4c70000 - 0x00007ff8c4e54000 	C:\Windows\SYSTEM32\DBGHELP.DLL
0x00007ff8c1c00000 - 0x00007ff8c1c34000 	C:\Windows\SYSTEM32\dbgcore.DLL
0x00007ff8cd3d0000 - 0x00007ff8cd452000 	C:\Windows\System32\bcryptPrimitives.dll
0x00007ff8b4030000 - 0x00007ff8b403e000 	C:\Program Files\Java\jdk-17.0.5\bin\instrument.dll
0x00007ff8a5030000 - 0x00007ff8a5055000 	C:\Program Files\Java\jdk-17.0.5\bin\java.dll
0x00007ff898460000 - 0x00007ff898536000 	C:\Program Files\Java\jdk-17.0.5\bin\jsvml.dll
0x00007ff8cee10000 - 0x00007ff8cf554000 	C:\Windows\System32\SHELL32.dll
0x00007ff8cad80000 - 0x00007ff8cb514000 	C:\Windows\SYSTEM32\windows.storage.dll
0x00007ff8ce1a0000 - 0x00007ff8ce4f4000 	C:\Windows\System32\combase.dll
0x00007ff8cc580000 - 0x00007ff8cc5ae000 	C:\Windows\SYSTEM32\Wldp.dll
0x00007ff8ce760000 - 0x00007ff8ce80d000 	C:\Windows\System32\SHCORE.dll
0x00007ff8ce110000 - 0x00007ff8ce165000 	C:\Windows\System32\shlwapi.dll
0x00007ff8ccc20000 - 0x00007ff8ccc45000 	C:\Windows\SYSTEM32\profapi.dll
0x00007ff898440000 - 0x00007ff898458000 	C:\Program Files\Java\jdk-17.0.5\bin\zip.dll
0x00007ff8b2120000 - 0x00007ff8b2139000 	C:\Program Files\Java\jdk-17.0.5\bin\net.dll
0x00007ff8c6980000 - 0x00007ff8c6a8a000 	C:\Windows\SYSTEM32\WINHTTP.dll
0x00007ff8cc360000 - 0x00007ff8cc3ca000 	C:\Windows\system32\mswsock.dll
0x00007ff8a5010000 - 0x00007ff8a5026000 	C:\Program Files\Java\jdk-17.0.5\bin\nio.dll
0x00007ff898420000 - 0x00007ff89843a000 	C:\Program Files\JetBrains\IntelliJ IDEA Community Edition 2021.2.3\bin\breakgen64.dll
0x00007ff8bf3d0000 - 0x00007ff8bf3e0000 	C:\Program Files\Java\jdk-17.0.5\bin\verify.dll
0x00007ff8cc070000 - 0x00007ff8cc0ac000 	C:\Windows\SYSTEM32\IPHLPAPI.DLL
0x00007ff8ce500000 - 0x00007ff8ce508000 	C:\Windows\System32\NSI.dll
0x00007ff8c7600000 - 0x00007ff8c7617000 	C:\Windows\SYSTEM32\dhcpcsvc6.DLL
0x00007ff8c76f0000 - 0x00007ff8c770d000 	C:\Windows\SYSTEM32\dhcpcsvc.DLL
0x00007ff8cc0b0000 - 0x00007ff8cc17a000 	C:\Windows\SYSTEM32\DNSAPI.dll
0x00007ff8c4540000 - 0x00007ff8c454a000 	C:\Windows\System32\rasadhlp.dll
0x00007ff8c6dd0000 - 0x00007ff8c6e52000 	C:\Windows\System32\fwpuclnt.dll
0x00007ff8cd1e0000 - 0x00007ff8cd207000 	C:\Windows\System32\bcrypt.dll
0x00007ff8b2370000 - 0x00007ff8b2379000 	C:\Program Files\Java\jdk-17.0.5\bin\management.dll
0x00007ff8b2330000 - 0x00007ff8b233b000 	C:\Program Files\Java\jdk-17.0.5\bin\management_ext.dll
0x00007ff8b2ff0000 - 0x00007ff8b3007000 	C:\Windows\system32\napinsp.dll
0x00007ff8b2e20000 - 0x00007ff8b2e3b000 	C:\Windows\system32\pnrpnsp.dll
0x00007ff8b2250000 - 0x00007ff8b2265000 	C:\Windows\system32\wshbth.dll
0x00007ff8c7f60000 - 0x00007ff8c7f7d000 	C:\Windows\system32\NLAapi.dll
0x00007ff8b2e00000 - 0x00007ff8b2e12000 	C:\Windows\System32\winrnr.dll
0x00007ff8cc5c0000 - 0x00007ff8cc5d8000 	C:\Windows\SYSTEM32\CRYPTSP.dll
0x00007ff8cbca0000 - 0x00007ff8cbcd4000 	C:\Windows\system32\rsaenh.dll
0x00007ff8ccbe0000 - 0x00007ff8ccc0e000 	C:\Windows\SYSTEM32\USERENV.dll
0x00007ff8cc4f0000 - 0x00007ff8cc4fc000 	C:\Windows\SYSTEM32\CRYPTBASE.dll

dbghelp: loaded successfully - version: 4.0.5 - missing functions: none
symbol engine: initialized successfully - sym options: 0x614 - pdb path: .;C:\Program Files\Java\jdk-17.0.5\bin;C:\Windows\SYSTEM32;C:\Windows\WinSxS\amd64_microsoft.windows.common-controls_6595b64144ccf1df_6.0.19041.1110_none_60b5254171f9507e;C:\Program Files\Java\jdk-17.0.5\bin\server;C:\Program Files\JetBrains\IntelliJ IDEA Community Edition 2021.2.3\bin

VM Arguments:
jvm_args: -javaagent:C:\Program Files\JetBrains\IntelliJ IDEA Community Edition 2021.2.3\lib\idea_rt.jar=62025:C:\Program Files\JetBrains\IntelliJ IDEA Community Edition 2021.2.3\bin -Dfile.encoding=UTF-8 
java_command: io.github.pacatovisk.mscloudgateway.MscloudgatewayApplication
java_class_path (initial): C:\Users\marce\IdeaProjects\mscloudgateway\mscloudgateway\target\classes;C:\Users\marce\.m2\repository\org\springframework\boot\spring-boot-starter-webflux\2.6.5\spring-boot-starter-webflux-2.6.5.jar;C:\Users\marce\.m2\repository\org\springframework\boot\spring-boot-starter\2.6.5\spring-boot-starter-2.6.5.jar;C:\Users\marce\.m2\repository\org\springframework\boot\spring-boot\2.6.5\spring-boot-2.6.5.jar;C:\Users\marce\.m2\repository\org\springframework\spring-context\5.3.17\spring-context-5.3.17.jar;C:\Users\marce\.m2\repository\org\springframework\spring-aop\5.3.17\spring-aop-5.3.17.jar;C:\Users\marce\.m2\repository\org\springframework\spring-expression\5.3.17\spring-expression-5.3.17.jar;C:\Users\marce\.m2\repository\org\springframework\boot\spring-boot-autoconfigure\2.6.5\spring-boot-autoconfigure-2.6.5.jar;C:\Users\marce\.m2\repository\org\springframework\boot\spring-boot-starter-logging\2.6.5\spring-boot-starter-logging-2.6.5.jar;C:\Users\marce\.m2\repository\ch\qos\logback\logback-classic\1.2.11\logback-classic-1.2.11.jar;C:\Users\marce\.m2\repository\ch\qos\logback\logback-core\1.2.11\logback-core-1.2.11.jar;C:\Users\marce\.m2\repository\org\apache\logging\log4j\log4j-to-slf4j\2.17.2\log4j-to-slf4j-2.17.2.jar;C:\Users\marce\.m2\repository\org\apache\logging\log4j\log4j-api\2.17.2\log4j-api-2.17.2.jar;C:\Users\marce\.m2\repository\org\slf4j\jul-to-slf4j\1.7.36\jul-to-slf4j-1.7.36.jar;C:\Users\marce\.m2\repository\jakarta\annotation\jakarta.annotation-api\1.3.5\jakarta.annotation-api-1.3.5.jar;C:\Users\marce\.m2\repository\org\yaml\snakeyaml\1.29\snakeyaml-1.29.jar;C:\Users\marce\.m2\repository\org\springframework\boot\spring-boot-starter-json\2.6.5\spring-boot-starter-json-2.6.5.jar;C:\Users\marce\.m2\repository\com\fasterxml\jackson\core\jackson-databind\2.13.2\jackson-databind-2.13.2.jar;C:\Users\marce\.m2\repository\com\fasterxml\jackson\datatype\jackson-datatype-jdk8\2.13.2\jackson-datatype-jdk8-2.13.2.jar;C:\Users\marce\.m2\rep
Launcher Type: SUN_STANDARD

[Global flags]
     intx CICompilerCount                          = 3                                         {product} {ergonomic}
     uint ConcGCThreads                            = 1                                         {product} {ergonomic}
     uint G1ConcRefinementThreads                  = 4                                         {product} {ergonomic}
   size_t G1HeapRegionSize                         = 1048576                                   {product} {ergonomic}
    uintx GCDrainStackTargetSize                   = 64                                        {product} {ergonomic}
   size_t InitialHeapSize                          = 100663296                                 {product} {ergonomic}
   size_t MarkStackSize                            = 4194304                                   {product} {ergonomic}
   size_t MaxHeapSize                              = 1593835520                                {product} {ergonomic}
   size_t MaxNewSize                               = 956301312                                 {product} {ergonomic}
   size_t MinHeapDeltaBytes                        = 1048576                                   {product} {ergonomic}
   size_t MinHeapSize                              = 8388608                                   {product} {ergonomic}
    uintx NonNMethodCodeHeapSize                   = 5832780                                {pd product} {ergonomic}
    uintx NonProfiledCodeHeapSize                  = 122912730                              {pd product} {ergonomic}
    uintx ProfiledCodeHeapSize                     = 122912730                              {pd product} {ergonomic}
    uintx ReservedCodeCacheSize                    = 251658240                              {pd product} {ergonomic}
     bool SegmentedCodeCache                       = true                                      {product} {ergonomic}
   size_t SoftMaxHeapSize                          = 1593835520                             {manageable} {ergonomic}
     bool UseCompressedClassPointers               = true                           {product lp64_product} {ergonomic}
     bool UseCompressedOops                        = true                           {product lp64_product} {ergonomic}
     bool UseG1GC                                  = true                                      {product} {ergonomic}
     bool UseLargePagesIndividualAllocation        = false                                  {pd product} {ergonomic}

Logging:
Log output configuration:
 #0: stdout all=warning uptime,level,tags
 #1: stderr all=off uptime,level,tags

Environment Variables:
PATH=C:\app\marce\product\18.0.0\dbhomeXE\bin;C:\Program Files\Common Files\Oracle\Java\javapath;C:\Windows\system32;C:\Windows;C:\Windows\System32\Wbem;C:\Windows\System32\WindowsPowerShell\v1.0\;C:\Windows\System32\OpenSSH\;C:\Program Files\heroku\client\bin;C:\Program Files\Git\cmd;C:\Program Files\Docker\Docker\resources\bin;C:\Program Files\nodejs\;C:\Program Files\MySQL\MySQL Shell 8.0\bin\;C:\Users\marce\AppData\Local\Microsoft\WindowsApps;C:\Users\marce\AppData\Local\Programs\Microsoft VS Code\bin;C:\Program Files\heroku\client\bin;C:\Users\marce\AppData\Roaming\npm
USERNAME=marce
OS=Windows_NT
PROCESSOR_IDENTIFIER=AMD64 Family 23 Model 24 Stepping 1, AuthenticAMD



---------------  S Y S T E M  ---------------

OS:
 Windows 10 , 64 bit Build 19041 (10.0.19041.3155)
OS uptime: 13 days 20:25 hours
Hyper-V role detected

CPU: total 4 (initial active 4) (4 cores per cpu, 2 threads per core) family 23 model 24 stepping 1 microcode 0x0, cx8, cmov, fxsr, ht, mmx, 3dnowpref, sse, sse2, sse3, ssse3, sse4a, sse4.1, sse4.2, popcnt, lzcnt, tsc, tscinvbit, avx, avx2, aes, clmul, bmi1, bmi2, adx, sha, fma, vzeroupper, clflush, clflushopt, hv

Memory: 4k page, system-wide physical 6075M (325M free)
TotalPageFile size 24507M (AvailPageFile size 5M)
current process WorkingSet (physical memory assigned to process): 153M, peak: 155M
current process commit charge ("private bytes"): 187M, peak: 222M

vm_info: Java HotSpot(TM) 64-Bit Server VM (17.0.5+9-LTS-191) for windows-amd64 JRE (17.0.5+9-LTS-191), built on Sep 13 2022 17:31:43 by "mach5one" with MS VC++ 16.8 / 16.9 (VS2019)

END.
